<?xml version="1.0" encoding="UTF-8"?>
<!-- Generated by org.testng.reporters.JUnitReportReporter -->
<testsuite hostname="Raynan" name="tests.executeProjects" tests="1" failures="0" timestamp="15 Aug 2018 01:44:24 GMT" time="30.298" errors="0">
  <testcase name="feature" time="30.298" classname="tests.executeProjects"/>
</testsuite> <!-- tests.executeProjects -->
